<?xml version="1.0" encoding="UTF-8"?>
<!-- Generated by org.testng.reporters.JUnitXMLReporter -->
<testsuite ignored="0" hostname="DESKTOP-7LKQTFF" failures="0" tests="1" name="Default test" time="0.856" errors="0" timestamp="26 Jul 2021 17:06:40 GMT">
  <testcase classname="com.skegge.tests.LoginPageTest" name="tc04_verifyErrorMessageForLoginWithInvalidCredentials" time="0.0">
    <skipped/>
  </testcase> <!-- tc04_verifyErrorMessageForLoginWithInvalidCredentials -->
</testsuite> <!-- Default test -->
