<?xml version="1.0" encoding="UTF-8"?>
<!-- Generated by org.testng.reporters.JUnitXMLReporter -->
<testsuite ignored="0" hostname="DESKTOP-7LKQTFF" failures="0" tests="2" name="Automation Execution for Regression Test Cases" time="70.735" errors="0" timestamp="25 Jul 2021 10:09:05 GMT">
  <testcase classname="com.skegge.tests.LoginPageTest" name="tc01_verifyLoginPageTitle" time="5.031"/>
  <testcase classname="com.skegge.tests.LoginPageTest" name="tc02_verifySuccessfulLogin" time="41.548"/>
</testsuite> <!-- Automation Execution for Regression Test Cases -->
