<?xml version="1.0" encoding="UTF-8"?>
<!-- Generated by org.testng.reporters.JUnitXMLReporter -->
<testsuite ignored="0" hostname="DESKTOP-7LKQTFF" failures="0" tests="6" name="Automation Execution for Regression Test Cases" time="179.242" errors="0" timestamp="26 Jul 2021 17:26:31 GMT">
  <testcase classname="com.skegge.tests.LoginPageTest" name="tc01_verifyLoginPageTitle" time="5.052"/>
  <testcase classname="com.skegge.tests.LoginPageTest" name="tc02_verifyLoginPageContents" time="0.724"/>
  <testcase classname="com.skegge.tests.LoginPageTest" name="tc03_verifySuccessfulLogin" time="11.623"/>
  <testcase classname="com.skegge.tests.LoginPageTest" name="tc04_verifyErrorMessageForLoginWithInvalidCredentials" time="13.513"/>
  <testcase classname="com.skegge.tests.LoginPageTest" name="tc04_verifyErrorMessageForLoginWithInvalidCredentials" time="17.757"/>
  <testcase classname="com.skegge.tests.LoginPageTest" name="tc04_verifyErrorMessageForLoginWithInvalidCredentials" time="21.397"/>
</testsuite> <!-- Automation Execution for Regression Test Cases -->
